{
  "RSpec": {
    "coverage": {
      "/Users/elishkaflint/Projects/bank-tech-test/spec/account_spec.rb": [
        1,
        null,
        1,
        null,
        2,
        null,
        1,
        1,
        1,
        null,
        null,
        null,
        null
      ],
      "/Users/elishkaflint/Projects/bank-tech-test/lib/account.rb": [
        null,
        null,
        1,
        null,
        1,
        null,
        1,
        2,
        null,
        null,
        null
      ],
      "/Users/elishkaflint/Projects/bank-tech-test/spec/feature_spec.rb": [
        1,
        null,
        1,
        null,
        null,
        null,
        null,
        null,
        1,
        1,
        1,
        1,
        1,
        1,
        0,
        0,
        null,
        null,
        null,
        null
      ],
      "/Users/elishkaflint/Projects/bank-tech-test/lib/statement.rb": [
        null,
        null,
        1,
        null
      ],
      "/Users/elishkaflint/Projects/bank-tech-test/spec/transaction_spec.rb": [
        1,
        null,
        1,
        null,
        4,
        3,
        2,
        null,
        1,
        1,
        1,
        null,
        null,
        null,
        1,
        1,
        1,
        null,
        null,
        null,
        1,
        1,
        1,
        null,
        null,
        null,
        null
      ],
      "/Users/elishkaflint/Projects/bank-tech-test/lib/transaction.rb": [
        null,
        null,
        1,
        null,
        1,
        null,
        1,
        3,
        3,
        3,
        null,
        null,
        null
      ]
    },
    "timestamp": 1534158248
  }
}
